0 info it worked if it ends with ok
1 verbose cli [ 'node', '/usr/local/bin/npm', 'install' ]
2 info using npm@1.2.14
3 info using node@v0.8.22
4 verbose read json /WWW/2013Projects/yeoman-contacts/package.json
5 verbose readDependencies using package.json deps
6 verbose install where, deps [ '/WWW/2013Projects/yeoman-contacts',
6 verbose install   [ 'http',
6 verbose install     'url',
6 verbose install     'path',
6 verbose install     'fs',
6 verbose install     'grunt',
6 verbose install     'grunt-contrib-copy',
6 verbose install     'grunt-contrib-concat',
6 verbose install     'grunt-contrib-coffee',
6 verbose install     'grunt-contrib-uglify',
6 verbose install     'grunt-contrib-compass',
6 verbose install     'grunt-contrib-jshint',
6 verbose install     'grunt-contrib-cssmin',
6 verbose install     'grunt-contrib-connect',
6 verbose install     'grunt-contrib-clean',
6 verbose install     'grunt-contrib-htmlmin',
6 verbose install     'grunt-contrib-imagemin',
6 verbose install     'grunt-contrib-livereload',
6 verbose install     'grunt-bower-requirejs',
6 verbose install     'grunt-usemin',
6 verbose install     'grunt-regarde',
6 verbose install     'grunt-rev',
6 verbose install     'grunt-karma',
6 verbose install     'grunt-open',
6 verbose install     'matchdep',
6 verbose install     'grunt-google-cdn',
6 verbose install     'grunt-ngmin' ] ]
7 verbose from cache /WWW/2013Projects/yeoman-contacts/package.json
8 info preinstall yeoman-contacts@0.0.2
9 verbose read json /WWW/2013Projects/yeoman-contacts/node_modules/bower/package.json
10 verbose read json /WWW/2013Projects/yeoman-contacts/node_modules/grunt/package.json
11 verbose read json /WWW/2013Projects/yeoman-contacts/node_modules/grunt-bower-requirejs/package.json
12 verbose read json /WWW/2013Projects/yeoman-contacts/node_modules/grunt-cli/package.json
13 verbose read json /WWW/2013Projects/yeoman-contacts/node_modules/grunt-contrib-clean/package.json
14 verbose read json /WWW/2013Projects/yeoman-contacts/node_modules/grunt-contrib-coffee/package.json
15 verbose read json /WWW/2013Projects/yeoman-contacts/node_modules/grunt-contrib-compass/package.json
16 verbose read json /WWW/2013Projects/yeoman-contacts/node_modules/grunt-contrib-concat/package.json
17 verbose read json /WWW/2013Projects/yeoman-contacts/node_modules/grunt-contrib-connect/package.json
18 verbose read json /WWW/2013Projects/yeoman-contacts/node_modules/grunt-contrib-copy/package.json
19 verbose read json /WWW/2013Projects/yeoman-contacts/node_modules/grunt-contrib-cssmin/package.json
20 verbose read json /WWW/2013Projects/yeoman-contacts/node_modules/grunt-contrib-htmlmin/package.json
21 verbose read json /WWW/2013Projects/yeoman-contacts/node_modules/grunt-contrib-imagemin/package.json
22 verbose read json /WWW/2013Projects/yeoman-contacts/node_modules/grunt-contrib-jshint/package.json
23 verbose read json /WWW/2013Projects/yeoman-contacts/node_modules/grunt-contrib-livereload/package.json
24 verbose read json /WWW/2013Projects/yeoman-contacts/node_modules/grunt-contrib-uglify/package.json
25 verbose read json /WWW/2013Projects/yeoman-contacts/node_modules/grunt-google-cdn/package.json
26 verbose read json /WWW/2013Projects/yeoman-contacts/node_modules/grunt-karma/package.json
27 verbose read json /WWW/2013Projects/yeoman-contacts/node_modules/grunt-ngmin/package.json
28 verbose read json /WWW/2013Projects/yeoman-contacts/node_modules/grunt-open/package.json
29 verbose read json /WWW/2013Projects/yeoman-contacts/node_modules/grunt-regarde/package.json
30 verbose read json /WWW/2013Projects/yeoman-contacts/node_modules/grunt-rev/package.json
31 verbose read json /WWW/2013Projects/yeoman-contacts/node_modules/grunt-usemin/package.json
32 verbose read json /WWW/2013Projects/yeoman-contacts/node_modules/matchdep/package.json
33 verbose read json /WWW/2013Projects/yeoman-contacts/node_modules/yo/package.json
34 verbose from cache /WWW/2013Projects/yeoman-contacts/package.json
35 verbose readDependencies using package.json deps
36 verbose from cache /WWW/2013Projects/yeoman-contacts/node_modules/bower/package.json
37 verbose from cache /WWW/2013Projects/yeoman-contacts/node_modules/grunt/package.json
38 verbose from cache /WWW/2013Projects/yeoman-contacts/node_modules/grunt-bower-requirejs/package.json
39 verbose from cache /WWW/2013Projects/yeoman-contacts/node_modules/grunt-cli/package.json
40 verbose from cache /WWW/2013Projects/yeoman-contacts/node_modules/grunt-contrib-clean/package.json
41 verbose from cache /WWW/2013Projects/yeoman-contacts/node_modules/grunt-contrib-coffee/package.json
42 verbose from cache /WWW/2013Projects/yeoman-contacts/node_modules/grunt-contrib-compass/package.json
43 verbose from cache /WWW/2013Projects/yeoman-contacts/node_modules/grunt-contrib-concat/package.json
44 verbose from cache /WWW/2013Projects/yeoman-contacts/node_modules/grunt-contrib-connect/package.json
45 verbose from cache /WWW/2013Projects/yeoman-contacts/node_modules/grunt-contrib-copy/package.json
46 verbose from cache /WWW/2013Projects/yeoman-contacts/node_modules/grunt-contrib-cssmin/package.json
47 verbose from cache /WWW/2013Projects/yeoman-contacts/node_modules/grunt-contrib-htmlmin/package.json
48 verbose from cache /WWW/2013Projects/yeoman-contacts/node_modules/grunt-contrib-imagemin/package.json
49 verbose from cache /WWW/2013Projects/yeoman-contacts/node_modules/grunt-contrib-jshint/package.json
50 verbose from cache /WWW/2013Projects/yeoman-contacts/node_modules/grunt-contrib-livereload/package.json
51 verbose from cache /WWW/2013Projects/yeoman-contacts/node_modules/grunt-contrib-uglify/package.json
52 verbose from cache /WWW/2013Projects/yeoman-contacts/node_modules/grunt-google-cdn/package.json
53 verbose from cache /WWW/2013Projects/yeoman-contacts/node_modules/grunt-karma/package.json
54 verbose from cache /WWW/2013Projects/yeoman-contacts/node_modules/grunt-ngmin/package.json
55 verbose from cache /WWW/2013Projects/yeoman-contacts/node_modules/grunt-open/package.json
56 verbose from cache /WWW/2013Projects/yeoman-contacts/node_modules/grunt-regarde/package.json
57 verbose from cache /WWW/2013Projects/yeoman-contacts/node_modules/grunt-rev/package.json
58 verbose from cache /WWW/2013Projects/yeoman-contacts/node_modules/grunt-usemin/package.json
59 verbose from cache /WWW/2013Projects/yeoman-contacts/node_modules/matchdep/package.json
60 verbose from cache /WWW/2013Projects/yeoman-contacts/node_modules/yo/package.json
61 verbose cache add [ 'http@', null ]
62 verbose cache add name=undefined spec="http@" args=["http@",null]
63 verbose parsed url { pathname: 'http@', path: 'http@', href: 'http@' }
64 verbose cache add name="http" spec="" args=["http",""]
65 verbose parsed url { href: '' }
66 verbose addNamed [ 'http', '' ]
67 verbose addNamed [ null, '' ]
68 verbose cache add [ 'url@', null ]
69 verbose cache add name=undefined spec="url@" args=["url@",null]
70 verbose parsed url { pathname: 'url@', path: 'url@', href: 'url@' }
71 verbose cache add name="url" spec="" args=["url",""]
72 verbose parsed url { href: '' }
73 verbose addNamed [ 'url', '' ]
74 verbose addNamed [ null, '' ]
75 verbose cache add [ 'path@', null ]
76 verbose cache add name=undefined spec="path@" args=["path@",null]
77 verbose parsed url { pathname: 'path@', path: 'path@', href: 'path@' }
78 verbose cache add name="path" spec="" args=["path",""]
79 verbose parsed url { href: '' }
80 verbose addNamed [ 'path', '' ]
81 verbose addNamed [ null, '' ]
82 verbose cache add [ 'fs@', null ]
83 verbose cache add name=undefined spec="fs@" args=["fs@",null]
84 verbose parsed url { pathname: 'fs@', path: 'fs@', href: 'fs@' }
85 verbose cache add name="fs" spec="" args=["fs",""]
86 verbose parsed url { href: '' }
87 verbose addNamed [ 'fs', '' ]
88 verbose addNamed [ null, '' ]
89 verbose already installed skipping grunt@~0.4.1 /WWW/2013Projects/yeoman-contacts
90 verbose already installed skipping grunt-contrib-copy@~0.4.0 /WWW/2013Projects/yeoman-contacts
91 verbose already installed skipping grunt-contrib-concat@~0.1.3 /WWW/2013Projects/yeoman-contacts
92 silly lockFile c1086ff9-http http@
93 verbose lock http@ /Users/jonniespratley/.npm/c1086ff9-http.lock
94 silly lockFile b781997a-url url@
95 verbose lock url@ /Users/jonniespratley/.npm/b781997a-url.lock
96 silly lockFile 9741fa74-path path@
97 verbose lock path@ /Users/jonniespratley/.npm/9741fa74-path.lock
98 silly lockFile a107b96b-fs fs@
99 verbose lock fs@ /Users/jonniespratley/.npm/a107b96b-fs.lock
100 verbose already installed skipping grunt-contrib-coffee@~0.6.4 /WWW/2013Projects/yeoman-contacts
101 verbose already installed skipping grunt-contrib-uglify@~0.2.0 /WWW/2013Projects/yeoman-contacts
102 verbose already installed skipping grunt-contrib-compass@~0.1.3 /WWW/2013Projects/yeoman-contacts
103 verbose already installed skipping grunt-contrib-jshint@~0.3.0 /WWW/2013Projects/yeoman-contacts
104 verbose already installed skipping grunt-contrib-cssmin@~0.5.0 /WWW/2013Projects/yeoman-contacts
105 verbose already installed skipping grunt-contrib-connect@~0.2.0 /WWW/2013Projects/yeoman-contacts
106 verbose already installed skipping grunt-contrib-clean@~0.4.0 /WWW/2013Projects/yeoman-contacts
107 silly addNameRange { name: 'url', range: '', hasData: false }
108 silly addNameRange { name: 'http', range: '', hasData: false }
109 silly addNameRange { name: 'fs', range: '', hasData: false }
110 silly addNameRange { name: 'path', range: '', hasData: false }
111 verbose already installed skipping grunt-contrib-htmlmin@~0.1.1 /WWW/2013Projects/yeoman-contacts
112 verbose already installed skipping grunt-contrib-imagemin@~0.1.2 /WWW/2013Projects/yeoman-contacts
113 verbose url raw http
114 verbose url resolving [ 'https://registry.npmjs.org/', './http' ]
115 verbose url resolved https://registry.npmjs.org/http
116 info trying registry request attempt 1 at 17:09:38
117 http GET https://registry.npmjs.org/http
118 verbose url raw fs
119 verbose url resolving [ 'https://registry.npmjs.org/', './fs' ]
120 verbose url resolved https://registry.npmjs.org/fs
121 info trying registry request attempt 1 at 17:09:38
122 http GET https://registry.npmjs.org/fs
123 verbose url raw path
124 verbose url resolving [ 'https://registry.npmjs.org/', './path' ]
125 verbose url resolved https://registry.npmjs.org/path
126 info trying registry request attempt 1 at 17:09:38
127 http GET https://registry.npmjs.org/path
128 verbose already installed skipping grunt-contrib-livereload@~0.1.2 /WWW/2013Projects/yeoman-contacts
129 verbose already installed skipping grunt-bower-requirejs@~0.4.1 /WWW/2013Projects/yeoman-contacts
130 verbose already installed skipping grunt-usemin@~0.1.10 /WWW/2013Projects/yeoman-contacts
131 verbose already installed skipping grunt-regarde@~0.1.1 /WWW/2013Projects/yeoman-contacts
132 verbose already installed skipping grunt-rev@~0.1.0 /WWW/2013Projects/yeoman-contacts
133 verbose already installed skipping grunt-karma@~0.3.0 /WWW/2013Projects/yeoman-contacts
134 verbose already installed skipping grunt-open@~0.2.0 /WWW/2013Projects/yeoman-contacts
135 verbose already installed skipping matchdep@~0.1.1 /WWW/2013Projects/yeoman-contacts
136 verbose already installed skipping grunt-google-cdn@~0.1.1 /WWW/2013Projects/yeoman-contacts
137 verbose already installed skipping grunt-ngmin@~0.0.2 /WWW/2013Projects/yeoman-contacts
138 verbose url raw url
139 verbose url resolving [ 'https://registry.npmjs.org/', './url' ]
140 verbose url resolved https://registry.npmjs.org/url
141 info trying registry request attempt 1 at 17:09:38
142 verbose etag "E3OZ5UFFHOQ3GCJPGBEXH45R2"
143 http GET https://registry.npmjs.org/url
144 http 404 https://registry.npmjs.org/fs
145 silly registry.get cb [ 404,
145 silly registry.get   { server: 'CouchDB/1.3.0 (Erlang OTP/R15B03)',
145 silly registry.get     date: 'Sun, 30 Jun 2013 00:09:39 GMT',
145 silly registry.get     'content-type': 'application/json',
145 silly registry.get     'content-length': '52',
145 silly registry.get     'cache-control': 'must-revalidate' } ]
146 silly lockFile a107b96b-fs fs@
147 silly lockFile a107b96b-fs fs@
148 error 404 'fs' is not in the npm registry.
148 error 404 You should bug the author to publish it
148 error 404
148 error 404 Note that you can also install from a
148 error 404 tarball, folder, or http url, or git url.
149 error System Darwin 12.4.0
150 error command "node" "/usr/local/bin/npm" "install"
151 error cwd /WWW/2013Projects/yeoman-contacts
152 error node -v v0.8.22
153 error npm -v 1.2.14
154 error code E404
155 verbose exit [ 1, true ]
